<?xml version="1.0" encoding="UTF-8"?>
<!-- Generated by org.testng.reporters.JUnitReportReporter -->
<testsuite hostname="KOUSHIK" failures="0" tests="1" name="testscript.CustomerModule" time="13.311" errors="0" timestamp="2024-12-27T10:55:14 IST" skipped="0">
  <testcase classname="testscript.CustomerModule" name="createCampaign" time="13.311"/>
  <system-out>
    <![CDATA[createCampaign]]>
  </system-out>
</testsuite> <!-- testscript.CustomerModule -->
